#
# A fatal error has been detected by the Java Runtime Environment:
#
#  SIGSEGV (0xb) at pc=0x00000000, pid=6018, tid=2082323264
#
# JRE version: OpenJDK Runtime Environment (8.0_03-b03) (build 1.8.0_03-Ubuntu-8u77-b03-3ubuntu3-b03)
# Java VM: OpenJDK Server VM (25.03-b03 mixed mode linux-x86 )
# Problematic frame:
# C  0x00000000
#
# Failed to write core dump. Core dumps have been disabled. To enable core dumping, try "ulimit -c unlimited" before starting Java again
#
# If you would like to submit a bug report, please visit:
#   http://bugreport.java.com/bugreport/crash.jsp
#

---------------  T H R E A D  ---------------

Current thread is native thread

siginfo: si_signo: 11 (SIGSEGV), si_code: 1 (SEGV_MAPERR), si_addr: 0x00000000

Registers:
EAX=0x8504f450, EBX=0x8504eff4, ECX=0x00000000, EDX=0x852637e0
ESP=0x7c1db1ec, EBP=0x00012000, ESI=0x00000400, EDI=0x8524e680
EIP=0x00000000, EFLAGS=0x00010246, CR2=0x00000000

Top of Stack: (sp=0x7c1db1ec)
0x7c1db1ec:   8501c348 8524e680 00000000 00001000
0x7c1db1fc:   0000ffd8 00000008 00000000 84f36d39
0x7c1db20c:   802fd000 85266988 00002000 8524d5f8
0x7c1db21c:   84f3727a 84f37247 84f98000 8524d5f8
0x7c1db22c:   84f3fb61 bb800000 7c1db280 00000008
0x7c1db23c:   00000000 84f3fb47 84f3fa36 84f98000
0x7c1db24c:   84f4174a 000035c0 00000000 00002000
0x7c1db25c:   00000000 8036d028 85000ce4 84f41669 

Instructions: (pc=0x00000000)
0xffffffe0:   

Register to memory mapping:

EAX=0x8504f450: <offset 0x50450> in /media/bingo/DATA/Project/PongWithLibgdx/android/assets/.temp/417985b7/libopenal.so at 0x84fff000
EBX=0x8504eff4: <offset 0x4fff4> in /media/bingo/DATA/Project/PongWithLibgdx/android/assets/.temp/417985b7/libopenal.so at 0x84fff000
ECX=0x00000000 is an unknown value
EDX=0x852637e0 is an unknown value
ESP=0x7c1db1ec is an unknown value
EBP=0x00012000 is an unknown value
ESI=0x00000400 is an unknown value
EDI=0x8524e680 is an unknown value


Stack: [0x7c0db000,0x7c1dc000],  sp=0x7c1db1ec,  free space=1024k

---------------  P R O C E S S  ---------------

VM state:at safepoint (shutting down)

VM Mutex/Monitor currently owned by a thread:  ([mutex/lock_event])
[0xb6206728] Threads_lock - owner thread: 0x85f10800

Heap:
 PSYoungGen      total 9472K, used 1787K [0x9c8c0000, 0x9d340000, 0xa6e00000)
  eden space 8192K, 6% used [0x9c8c0000,0x9c941548,0x9d0c0000)
  from space 1280K, 99% used [0x9d0c0000,0x9d1fda90,0x9d200000)
  to   space 1280K, 0% used [0x9d200000,0x9d200000,0x9d340000)
 ParOldGen       total 22016K, used 3319K [0x87e00000, 0x89380000, 0x9c8c0000)
  object space 22016K, 15% used [0x87e00000,0x8813dc08,0x89380000)
 Metaspace       used 7253K, capacity 7436K, committed 7448K, reserved 7472K

Card table byte_map: [0x87d07000,0x87e00000] byte_map_base: 0x878c8000

Marking Bits: (ParMarkBitMap*) 0xb70ce6c0
 Begin Bits: [0x86880000, 0x87040000)
 End Bits:   [0x87040000, 0x87800000)

Polling page: 0xb76da000

CodeCache: size=245760Kb used=4086Kb max_used=4096Kb free=241673Kb
 bounds [0xa71d2000, 0xa75da000, 0xb61d2000]
 total_blobs=1696 nmethods=1367 adapters=245
 compilation: enabled

Compilation events (10 events):
Event: 26,118 Thread 0x85f35800 1364       3       java.util.concurrent.locks.AbstractQueuedSynchronizer::setHead (16 bytes)
Event: 26,118 Thread 0x85f35800 nmethod 1364 0xa75cd8c8 code [0xa75cd9e0, 0xa75cdb00]
Event: 26,419 Thread 0x85f35800 1365       3       java.util.concurrent.locks.AbstractQueuedSynchronizer$Node::<init> (15 bytes)
Event: 26,419 Thread 0x85f35800 nmethod 1365 0xa75cd5c8 code [0xa75cd6e0, 0xa75cd820]
Event: 27,317 Thread 0x85f35800 1367   !   3       java.util.concurrent.locks.AbstractQueuedSynchronizer::acquireQueued (93 bytes)
Event: 27,319 Thread 0x85f35800 nmethod 1367 0xa75d1a08 code [0xa75d1c00, 0xa75d2428]
Event: 27,319 Thread 0x85f35800 1366       3       java.util.concurrent.locks.AbstractQueuedSynchronizer::addWaiter (50 bytes)
Event: 27,320 Thread 0x85f35800 nmethod 1366 0xa75ccfc8 code [0xa75cd120, 0xa75cd44c]
